python3 test/test.py


Traceback (most recent call last):
  File "test/test.py", line 17, in <module>
    shallow(bar, 15)
    [36m|       -> 2[m
    [36m-> <function shallow at 0xDEADBEEF>[m
  File "test/test.py", line 8, in shallow
    deep(a + b)
    [36m|    |   -> 15[m
    [36m|    -> 2[m
    [36m-> <function deep at 0xDEADBEEF>[m
  File "test/test.py", line 13, in deep
    [33;1massert[m val > 10 and foo == 60
    [36m       |            -> 52[m
    [36m       -> 17[m
AssertionError: [33;1massert[m val > 10 and foo == 60



python3 test/test_color.py


True



python3 test/test_encoding.py


Traceback (most recent call last):
  File "test/test_encoding.py", line 14, in <module>
    div()
    [36m-> <function div at 0xDEADBEEF>[m
  File "test/test_encoding.py", line 11, in div
    [33;1mreturn[m _deep("å¤©")
    [36m       -> <function _deep at 0xDEADBEEF>[m
  File "test/test_encoding.py", line 8, in _deep
    [33;1mreturn[m 1 / val
    [36m           -> 'å¤©'[m
TypeError: unsupported operand type(s) for /: 'int' and 'str'



./test/test_interactive.sh


spawn python -m better_exceptions -q
>>> import better_exceptions
>>> def foo(a):
...     assert a > 10
... 
>>> foo(1)
Traceback (most recent call last):
  File "<console>", line 1, in <module>
    foo(1)
    [36m-> <function foo at 0xDEADBEEF>[m
  File "<console>", line 2, in foo
    [33;1massert[m a > 10
    [36m       -> 1[m
AssertionError: [33;1massert[m a > 10
>>> exit()



./test/test_string.sh



import better_exceptions; better_exceptions.hook(); a = 5; assert a > 10 # this should work fine

Traceback (most recent call last):
  File "<string>", line 1, in <module>
    [33;1mimport[m better_exceptions; better_exceptions.hook(); a = 5; [33;1massert[m a > 10 [2;37m# this should work fine[m
    [36m                          |                         |             -> 5[m
    [36m                          |                         -> 5[m
    [36m                          -> <module 'test_module' from '/removed/for/test/purposes.py'>[m
AssertionError: [33;1mimport[m better_exceptions; better_exceptions.hook(); a = 5; [33;1massert[m a > 10 [2;37m# this should work fine[m

Traceback (most recent call last):
  File "<string>", line 1, in <module>
    [33;1mimport[m better_exceptions; better_exceptions.hook(); a = 5; [33;1massert[m a > 10 [2;37m# this should work fine[m
    [36m                          |                         |             -> 5[m
    [36m                          |                         -> 5[m
    [36m                          -> <module 'test_module' from '/removed/for/test/purposes.py'>[m
AssertionError: [33;1mimport[m better_exceptions; better_exceptions.hook(); a = 5; [33;1massert[m a > 10 [2;37m# this should work fine[m

from __future__ import print_function; import better_exceptions; better_exceptions.hook(); a = "why hello there"; print(a); assert False

Traceback (most recent call last):
  File "<string>", line 1, in <module>
    from __future__ import print_function; [33;1mimport[m better_exceptions; better_exceptions.hook(); a = "why hello there"; [35;1mprint[m(a); [33;1massert[m False
    [36m                                                                 |                         |                            -> 'why hello there'[m
    [36m                                                                 |                         -> 'why hello there'[m
    [36m                                                                 -> <module 'test_module' from '/removed/for/test/purposes.py'>[m
AssertionError: from __future__ import print_function; [33;1mimport[m better_exceptions; better_exceptions.hook(); a = "why hello there"; [35;1mprint[m(a); [33;1massert[m False
why hello there

Traceback (most recent call last):
  File "<string>", line 1, in <module>
    from __future__ import print_function; [33;1mimport[m better_exceptions; better_exceptions.hook(); a = "why hello there"; [35;1mprint[m(a); [33;1massert[m False
    [36m                                                                 |                         |                            -> 'why hello there'[m
    [36m                                                                 |                         -> 'why hello there'[m
    [36m                                                                 -> <module 'test_module' from '/removed/for/test/purposes.py'>[m
AssertionError: from __future__ import print_function; [33;1mimport[m better_exceptions; better_exceptions.hook(); a = "why hello there"; [35;1mprint[m(a); [33;1massert[m False
why hello there

from __future__ import print_function; import better_exceptions; better_exceptions.hook(); a = "why     hello          " + "   there"; print(a); assert False

Traceback (most recent call last):
  File "<string>", line 1, in <module>
    from __future__ import print_function; [33;1mimport[m better_exceptions; better_exceptions.hook(); a = "why     hello          " + "   there"; [35;1mprint[m(a); [33;1massert[m False
    [36m                                                                 |                         |                                                 -> 'why     hello             there'[m
    [36m                                                                 |                         -> 'why     hello             there'[m
    [36m                                                                 -> <module 'test_module' from '/removed/for/test/purposes.py'>[m
AssertionError: from __future__ import print_function; [33;1mimport[m better_exceptions; better_exceptions.hook(); a = "why     hello          " + "   there"; [35;1mprint[m(a); [33;1massert[m False
why     hello             there

Traceback (most recent call last):
  File "<string>", line 1, in <module>
    from __future__ import print_function; [33;1mimport[m better_exceptions; better_exceptions.hook(); a = "why     hello          " + "   there"; [35;1mprint[m(a); [33;1massert[m False
    [36m                                                                 |                         |                                                 -> 'why     hello             there'[m
    [36m                                                                 |                         -> 'why     hello             there'[m
    [36m                                                                 -> <module 'test_module' from '/removed/for/test/purposes.py'>[m
AssertionError: from __future__ import print_function; [33;1mimport[m better_exceptions; better_exceptions.hook(); a = "why     hello          " + "   there"; [35;1mprint[m(a); [33;1massert[m False
why     hello             there



python3 test/test_logging.py


ERROR:__main__:callback failed
Traceback (most recent call last):
  File "test/test_logging.py", line 16, in foo
    cb()
    [36m-> <function bar3 at 0xDEADBEEF>[m
  File "test/test_logging.py", line 33, in bar3
    [33;1mraise[m [35;1mException[m('this is a test exception')
Exception: this is a test exception

ERROR:__main__:callback failed
Traceback (most recent call last):
  File "test/test_logging.py", line 16, in foo
    cb()
    [36m-> <function bar4 at 0xDEADBEEF>[m
  File "test/test_logging.py", line 38, in bar4
    [33;1massert[m baz == 90
    [36m       -> 52[m
AssertionError: [33;1massert[m baz == 90




python3 test/test_truncating.py


Traceback (most recent call last):
  File "test/test_truncating.py", line 12, in <module>
    div()
    [36m-> <function ...[m
  File "test/test_truncating.py", line 9, in div
    [33;1mreturn[m 1 / var
    [36m           -> '999999999...[m
TypeError: unsupported operand type(s) for /: 'int' and 'str'



python3 test/test_truncating_disabled.py


Traceback (most recent call last):
  File "test/test_truncating_disabled.py", line 12, in <module>
    div()
    [36m-> <function div at 0xDEADBEEF>[m
  File "test/test_truncating_disabled.py", line 9, in div
    [33;1mreturn[m 1 / var
    [36m           -> '999999999999999999999999999999999999999999999999999999999999999999999999999999999999999999999999999999999999999999999999999999999999999999999999999999'[m
TypeError: unsupported operand type(s) for /: 'int' and 'str'



python3 test/test_indentation_error.py


Traceback (most recent call last):
  File "test/test_indentation_error.py", line 13, in <module>
    [35;1mexec[m(code)
    [36m     -> '\nif True:\n    a = 5\n        print("foobar")  #intentional faulty indentation here.\n    b = 7\n'[m
File "<string>", line 4
    print("foobar")  #intentional faulty indentation here.
    ^
IndentationError: unexpected indent



python3 test/test_syntax_error.py


Traceback (most recent call last):
  File "test/test_syntax_error.py", line 12, in <module>
    [35;1mexec[m(code)
    [36m     -> '\nif True:\n    a = 5\n    b = 7 *\n'[m
File "<string>", line 4
    b = 7 *
          ^
SyntaxError: invalid syntax



python3 test/test_unittest_patch.py


    return a + b
TypeError: unsupported operand type(s) for +: 'int' and 'str'
    self._callTestMethod(testMethod)
    [36m|                    -> <bound method MyTestCase.test_add of <__main__.MyTestCase testMethod=test_add>>[m
    [36m-> <__main__.MyTestCase testMethod=test_add>[m
  File "/removed/for/test/purposes.ext", line 633, in _callTestMethod
    method()
    [36m-> <bound method MyTestCase.test_add of <__main__.MyTestCase testMethod=test_add>>[m
  File "test/test_unittest_patch.py", line 15, in test_add
    self.assertEqual(add(1, "2"), 3)
    [36m|                -> <function add at 0xDEADBEEF>[m
    [36m-> <__main__.MyTestCase testMethod=test_add>[m
  File "test/test_unittest_patch.py", line 10, in add
    [33;1mreturn[m a + b
    [36m       |   -> '2'[m
    [36m       -> 1[m
TypeError: unsupported operand type(s) for +: 'int' and 'str'



python3 test/test_chaining.py


Traceback (most recent call last):
  File "test/test_chaining.py", line 11, in cause
    div(x, y)
    [36m|   |  -> 0[m
    [36m|   -> 1[m
    [36m-> <function div at 0xDEADBEEF>[m
  File "test/test_chaining.py", line 7, in div
    x / y
    [36m|   -> 0[m
    [36m-> 1[m
ZeroDivisionError: division by zero

During handling of the above exception, another exception occurred:

Traceback (most recent call last):
  File "test/test_chaining.py", line 17, in context
    cause(x, y)
    [36m|     |  -> 0[m
    [36m|     -> 1[m
    [36m-> <function cause at 0xDEADBEEF>[m
  File "test/test_chaining.py", line 13, in cause
    [33;1mraise[m [35;1mValueError[m("Division error")
ValueError: Division error

The above exception was the direct cause of the following exception:

Traceback (most recent call last):
  File "test/test_chaining.py", line 21, in <module>
    context(1, 0)
    [36m-> <function context at 0xDEADBEEF>[m
  File "test/test_chaining.py", line 19, in context
    [33;1mraise[m [35;1mValueError[m("Cause error") from e
ValueError: Cause error



